[    0.000000] Linux version 4.15.0-74-generic (buildd@lcy01-amd64-022) (gcc version 7.4.0 (Ubuntu 7.4.0-1ubuntu1~18.04.1)) #84-Ubuntu SMP Thu Dec 19 08:06:28 UTC 2019 (Ubuntu 4.15.0-74.84-generic 4.15.18)
[    0.000000] Command line: BOOT_IMAGE=/boot/vmlinuz-4.15.0-74-generic root=LABEL=cloudimg-rootfs ro console=tty1 console=ttyS0
[    0.000000] KERNEL supported cpus:
[    0.000000]   Intel GenuineIntel
[    0.000000]   AMD AuthenticAMD
[    0.000000]   Centaur CentaurHauls
[    0.000000] x86/fpu: Supporting XSAVE feature 0x001: 'x87 floating point registers'
[    0.000000] x86/fpu: Supporting XSAVE feature 0x002: 'SSE registers'
[    0.000000] x86/fpu: Supporting XSAVE feature 0x004: 'AVX registers'
[    0.000000] x86/fpu: xstate_offset[2]:  576, xstate_sizes[2]:  256
[    0.000000] x86/fpu: Enabled xstate features 0x7, context size is 832 bytes, using 'standard' format.
[    0.000000] e820: BIOS-provided physical RAM map:
[    0.000000] BIOS-e820: [mem 0x0000000000000000-0x000000000009fbff] usable
[    0.000000] BIOS-e820: [mem 0x000000000009fc00-0x000000000009ffff] reserved
[    0.000000] BIOS-e820: [mem 0x00000000000f0000-0x00000000000fffff] reserved
[    0.000000] BIOS-e820: [mem 0x0000000000100000-0x000000003ffeffff] usable
[    0.000000] BIOS-e820: [mem 0x000000003fff0000-0x000000003fffffff] ACPI data
[    0.000000] BIOS-e820: [mem 0x00000000fec00000-0x00000000fec00fff] reserved
[    0.000000] BIOS-e820: [mem 0x00000000fee00000-0x00000000fee00fff] reserved
[    0.000000] BIOS-e820: [mem 0x00000000fffc0000-0x00000000ffffffff] reserved
[    0.000000] NX (Execute Disable) protection: active
[    0.000000] SMBIOS 2.5 present.
[    0.000000] DMI: innotek GmbH VirtualBox/VirtualBox, BIOS VirtualBox 12/01/2006
[    0.000000] Hypervisor detected: KVM
[    0.000000] e820: last_pfn = 0x3fff0 max_arch_pfn = 0x400000000
[    0.000000] MTRR: Disabled
[    0.000000] x86/PAT: MTRRs disabled, skipping PAT initialization too.
[    0.000000] CPU MTRRs all blank - virtualized system.
[    0.000000] x86/PAT: Configuration [0-7]: WB  WT  UC- UC  WB  WT  UC- UC  
[    0.000000] found SMP MP-table at [mem 0x0009fff0-0x0009ffff]
[    0.000000] Scanning 1 areas for low memory corruption
[    0.000000] RAMDISK: [mem 0x35a6f000-0x36d2efff]
[    0.000000] ACPI: Early table checksum verification disabled
[    0.000000] ACPI: RSDP 0x00000000000E0000 000024 (v02 VBOX  )
[    0.000000] ACPI: XSDT 0x000000003FFF0030 00003C (v01 VBOX   VBOXXSDT 00000001 ASL  00000061)
[    0.000000] ACPI: FACP 0x000000003FFF00F0 0000F4 (v04 VBOX   VBOXFACP 00000001 ASL  00000061)
[    0.000000] ACPI: DSDT 0x000000003FFF0470 0022EA (v02 VBOX   VBOXBIOS 00000002 INTL 20100528)
[    0.000000] ACPI: FACS 0x000000003FFF0200 000040
[    0.000000] ACPI: FACS 0x000000003FFF0200 000040
[    0.000000] ACPI: APIC 0x000000003FFF0240 00005C (v02 VBOX   VBOXAPIC 00000001 ASL  00000061)
[    0.000000] ACPI: SSDT 0x000000003FFF02A0 0001CC (v01 VBOX   VBOXCPUT 00000002 INTL 20100528)
[    0.000000] No NUMA configuration found
[    0.000000] Faking a node at [mem 0x0000000000000000-0x000000003ffeffff]
[    0.000000] NODE_DATA(0) allocated [mem 0x3ffc5000-0x3ffeffff]
[    0.000000] kvm-clock: cpu 0, msr 0:3ff44001, primary cpu clock
[    0.000000] kvm-clock: Using msrs 4b564d01 and 4b564d00
[    0.000000] kvm-clock: using sched offset of 7508724849 cycles
[    0.000000] clocksource: kvm-clock: mask: 0xffffffffffffffff max_cycles: 0x1cd42e4dffb, max_idle_ns: 881590591483 ns
[    0.000000] Zone ranges:
[    0.000000]   DMA      [mem 0x0000000000001000-0x0000000000ffffff]
[    0.000000]   DMA32    [mem 0x0000000001000000-0x000000003ffeffff]
[    0.000000]   Normal   empty
[    0.000000]   Device   empty
[    0.000000] Movable zone start for each node
[    0.000000] Early memory node ranges
[    0.000000]   node   0: [mem 0x0000000000001000-0x000000000009efff]
[    0.000000]   node   0: [mem 0x0000000000100000-0x000000003ffeffff]
[    0.000000] Reserved but unavailable: 98 pages
[    0.000000] Initmem setup node 0 [mem 0x0000000000001000-0x000000003ffeffff]
[    0.000000] ACPI: PM-Timer IO Port: 0x4008
[    0.000000] IOAPIC[0]: apic_id 2, version 32, address 0xfec00000, GSI 0-23
[    0.000000] ACPI: INT_SRC_OVR (bus 0 bus_irq 0 global_irq 2 dfl dfl)
[    0.000000] ACPI: INT_SRC_OVR (bus 0 bus_irq 9 global_irq 9 low level)
[    0.000000] Using ACPI (MADT) for SMP configuration information
[    0.000000] smpboot: Allowing 2 CPUs, 0 hotplug CPUs
[    0.000000] PM: Registered nosave memory: [mem 0x00000000-0x00000fff]
[    0.000000] PM: Registered nosave memory: [mem 0x0009f000-0x0009ffff]
[    0.000000] PM: Registered nosave memory: [mem 0x000a0000-0x000effff]
[    0.000000] PM: Registered nosave memory: [mem 0x000f0000-0x000fffff]
[    0.000000] e820: [mem 0x40000000-0xfebfffff] available for PCI devices
[    0.000000] Booting paravirtualized kernel on KVM
[    0.000000] clocksource: refined-jiffies: mask: 0xffffffff max_cycles: 0xffffffff, max_idle_ns: 7645519600211568 ns
[    0.000000] random: get_random_bytes called from start_kernel+0x99/0x4fd with crng_init=0
[    0.000000] setup_percpu: NR_CPUS:8192 nr_cpumask_bits:2 nr_cpu_ids:2 nr_node_ids:1
[    0.000000] percpu: Embedded 45 pages/cpu s147456 r8192 d28672 u1048576
[    0.000000] PV qspinlock hash table entries: 256 (order: 0, 4096 bytes)
[    0.000000] Built 1 zonelists, mobility grouping on.  Total pages: 257913
[    0.000000] Policy zone: DMA32
[    0.000000] Kernel command line: BOOT_IMAGE=/boot/vmlinuz-4.15.0-74-generic root=LABEL=cloudimg-rootfs ro console=tty1 console=ttyS0
[    0.000000] Memory: 983080K/1048120K available (12300K kernel code, 2481K rwdata, 4260K rodata, 2428K init, 2704K bss, 65040K reserved, 0K cma-reserved)
[    0.000000] SLUB: HWalign=64, Order=0-3, MinObjects=0, CPUs=2, Nodes=1
[    0.000000] Kernel/User page tables isolation: enabled
[    0.000000] ftrace: allocating 39322 entries in 154 pages
[    0.004000] Hierarchical RCU implementation.
[    0.004000] 	RCU restricting CPUs from NR_CPUS=8192 to nr_cpu_ids=2.
[    0.004000] 	Tasks RCU enabled.
[    0.004000] RCU: Adjusting geometry for rcu_fanout_leaf=16, nr_cpu_ids=2
[    0.004000] NR_IRQS: 524544, nr_irqs: 440, preallocated irqs: 16
[    0.004000] Console: colour VGA+ 80x25
[    0.004000] console [tty1] enabled
[    0.004000] console [ttyS0] enabled
[    0.004000] ACPI: Core revision 20170831
[    0.004000] ACPI: 2 ACPI AML tables successfully acquired and loaded
[    0.004000] APIC: Switch to symmetric I/O mode setup
[    0.004000] x2apic enabled
[    0.004000] Switched APIC routing to physical x2apic.
[    0.004000] ..TIMER: vector=0x30 apic1=0 pin1=2 apic2=-1 pin2=-1
[    0.004004] tsc: Detected 2904.002 MHz processor
[    0.004864] Calibrating delay loop (skipped) preset value.. 5808.00 BogoMIPS (lpj=11616008)
[    0.005532] pid_max: default: 32768 minimum: 301
[    0.008031] Security Framework initialized
[    0.008827] Yama: becoming mindful.
[    0.009537] AppArmor: AppArmor initialized
[    0.012000] Dentry cache hash table entries: 131072 (order: 8, 1048576 bytes)
[    0.012117] Inode-cache hash table entries: 65536 (order: 7, 524288 bytes)
[    0.016013] Mount-cache hash table entries: 2048 (order: 2, 16384 bytes)
[    0.017213] Mountpoint-cache hash table entries: 2048 (order: 2, 16384 bytes)
[    0.018740] Last level iTLB entries: 4KB 64, 2MB 8, 4MB 8
[    0.020002] Last level dTLB entries: 4KB 64, 2MB 0, 4MB 0, 1GB 4
[    0.021119] Spectre V1 : Mitigation: usercopy/swapgs barriers and __user pointer sanitization
[    0.022672] Spectre V2 : Mitigation: Full generic retpoline
[    0.024001] Spectre V2 : Spectre v2 / SpectreRSB mitigation: Filling RSB on context switch
[    0.025516] Speculative Store Bypass: Vulnerable
[    0.026404] MDS: Mitigation: Clear CPU buffers
[    0.027483] Freeing SMP alternatives memory: 36K
[    0.138432] smpboot: CPU0: Intel(R) Core(TM) i7-7500U CPU @ 2.70GHz (family: 0x6, model: 0x8e, stepping: 0x9)
[    0.140000] Performance Events: unsupported p6 CPU model 142 no PMU driver, software events only.
[    0.140000] Hierarchical SRCU implementation.
[    0.140576] NMI watchdog: Perf event create on CPU 0 failed with -2
[    0.141861] NMI watchdog: Perf NMI watchdog permanently disabled
[    0.143157] smp: Bringing up secondary CPUs ...
[    0.144072] x86: Booting SMP configuration:
[    0.144980] .... node  #0, CPUs:      #1
[    0.004000] kvm-clock: cpu 1, msr 0:3ff44041, secondary cpu clock
[    0.150437] smp: Brought up 1 node, 2 CPUs
[    0.150437] smpboot: Max logical packages: 1
[    0.152004] smpboot: Total of 2 processors activated (11616.00 BogoMIPS)
[    0.153469] devtmpfs: initialized
[    0.153469] x86/mm: Memory block size: 128MB
[    0.153866] evm: security.selinux
[    0.156002] evm: security.SMACK64
[    0.156709] evm: security.SMACK64EXEC
[    0.157469] evm: security.SMACK64TRANSMUTE
[    0.158405] evm: security.SMACK64MMAP
[    0.159174] evm: security.apparmor
[    0.160002] evm: security.ima
[    0.160683] evm: security.capability
[    0.161510] clocksource: jiffies: mask: 0xffffffff max_cycles: 0xffffffff, max_idle_ns: 7645041785100000 ns
[    0.162166] futex hash table entries: 512 (order: 3, 32768 bytes)
[    0.166757] pinctrl core: initialized pinctrl subsystem
[    0.168108] RTC time: 12:37:40, date: 01/23/20
[    0.169351] NET: Registered protocol family 16
[    0.172085] audit: initializing netlink subsys (disabled)
[    0.173241] audit: type=2000 audit(1579783069.266:1): state=initialized audit_enabled=0 res=1
[    0.173241] cpuidle: using governor ladder
[    0.176006] cpuidle: using governor menu
[    0.176874] ACPI: bus type PCI registered
[    0.177782] acpiphp: ACPI Hot Plug PCI Controller Driver version: 0.5
[    0.179308] PCI: Using configuration type 1 for base access
[    0.181035] HugeTLB registered 2.00 MiB page size, pre-allocated 0 pages
[    0.184070] ACPI: Added _OSI(Module Device)
[    0.185057] ACPI: Added _OSI(Processor Device)
[    0.186001] ACPI: Added _OSI(3.0 _SCP Extensions)
[    0.187106] ACPI: Added _OSI(Processor Aggregator Device)
[    0.188000] ACPI: Added _OSI(Linux-Dell-Video)
[    0.188003] ACPI: Added _OSI(Linux-Lenovo-NV-HDMI-Audio)
[    0.189089] ACPI: Added _OSI(Linux-HPI-Hybrid-Graphics)
[    0.190513] ACPI: Executed 1 blocks of module-level executable AML code
[    0.196834] ACPI: Interpreter enabled
[    0.197605] ACPI: (supports S0 S5)
[    0.198373] ACPI: Using IOAPIC for interrupt routing
[    0.199718] PCI: Using host bridge windows from ACPI; if necessary, use "pci=nocrs" and report a bug
[    0.200175] ACPI: Enabled 2 GPEs in block 00 to 07
[    0.208558] ACPI: PCI Root Bridge [PCI0] (domain 0000 [bus 00-ff])
[    0.209771] acpi PNP0A03:00: _OSC: OS supports [ASPM ClockPM Segments MSI]
[    0.211697] acpi PNP0A03:00: _OSC: not requesting OS control; OS requires [ExtendedConfig ASPM ClockPM MSI]
[    0.212010] acpi PNP0A03:00: fail to add MMCONFIG information, can't access extended PCI configuration space under this bridge.
[    0.216344] PCI host bridge to bus 0000:00
[    0.217609] pci_bus 0000:00: root bus resource [io  0x0000-0x0cf7 window]
[    0.219544] pci_bus 0000:00: root bus resource [io  0x0d00-0xffff window]
[    0.220003] pci_bus 0000:00: root bus resource [mem 0x000a0000-0x000bffff window]
[    0.221494] pci_bus 0000:00: root bus resource [mem 0x40000000-0xfdffffff window]
[    0.224003] pci_bus 0000:00: root bus resource [bus 00-ff]
[    0.227165] pci 0000:00:01.1: legacy IDE quirk: reg 0x10: [io  0x01f0-0x01f7]
[    0.228002] pci 0000:00:01.1: legacy IDE quirk: reg 0x14: [io  0x03f6]
[    0.229286] pci 0000:00:01.1: legacy IDE quirk: reg 0x18: [io  0x0170-0x0177]
[    0.230657] pci 0000:00:01.1: legacy IDE quirk: reg 0x1c: [io  0x0376]
[    0.249249] pci 0000:00:07.0: quirk: [io  0x4000-0x403f] claimed by PIIX4 ACPI
[    0.250743] pci 0000:00:07.0: quirk: [io  0x4100-0x410f] claimed by PIIX4 SMB
[    0.257683] ACPI: PCI Interrupt Link [LNKA] (IRQs 5 9 10 *11)
[    0.259312] ACPI: PCI Interrupt Link [LNKB] (IRQs 5 9 *10 11)
[    0.260127] ACPI: PCI Interrupt Link [LNKC] (IRQs 5 *9 10 11)
[    0.261466] ACPI: PCI Interrupt Link [LNKD] (IRQs 5 9 10 *11)
[    0.264176] SCSI subsystem initialized
[    0.265048] pci 0000:00:02.0: vgaarb: setting as boot VGA device
[    0.265187] pci 0000:00:02.0: vgaarb: VGA device added: decodes=io+mem,owns=io+mem,locks=none
[    0.266935] pci 0000:00:02.0: vgaarb: bridge control possible
[    0.268011] vgaarb: loaded
[    0.268660] ACPI: bus type USB registered
[    0.269502] usbcore: registered new interface driver usbfs
[    0.270582] usbcore: registered new interface driver hub
[    0.272019] usbcore: registered new device driver usb
[    0.273091] EDAC MC: Ver: 3.0.0
[    0.273091] PCI: Using ACPI for IRQ routing
[    0.273091] NetLabel: Initializing
[    0.276006] NetLabel:  domain hash size = 128
[    0.276939] NetLabel:  protocols = UNLABELED CIPSOv4 CALIPSO
[    0.278137] NetLabel:  unlabeled traffic allowed by default
[    0.280069] clocksource: Switched to clocksource kvm-clock
[    0.298740] VFS: Disk quotas dquot_6.6.0
[    0.299684] VFS: Dquot-cache hash table entries: 512 (order 0, 4096 bytes)
[    0.301175] AppArmor: AppArmor Filesystem Enabled
[    0.302217] pnp: PnP ACPI init
[    0.304028] pnp: PnP ACPI: found 3 devices
[    0.314092] clocksource: acpi_pm: mask: 0xffffff max_cycles: 0xffffff, max_idle_ns: 2085701024 ns
[    0.315940] NET: Registered protocol family 2
[    0.317004] TCP established hash table entries: 8192 (order: 4, 65536 bytes)
[    0.318470] TCP bind hash table entries: 8192 (order: 5, 131072 bytes)
[    0.322593] TCP: Hash tables configured (established 8192 bind 8192)
[    0.323863] UDP hash table entries: 512 (order: 2, 16384 bytes)
[    0.325293] UDP-Lite hash table entries: 512 (order: 2, 16384 bytes)
[    0.326737] NET: Registered protocol family 1
[    0.327643] pci 0000:00:00.0: Limiting direct PCI/PCI transfers
[    0.328881] pci 0000:00:01.0: Activating ISA DMA hang workarounds
[    0.330093] pci 0000:00:02.0: Video device with shadowed ROM at [mem 0x000c0000-0x000dffff]
[    0.331867] Unpacking initramfs...
[    0.620109] Freeing initrd memory: 19200K
[    0.621087] clocksource: tsc: mask: 0xffffffffffffffff max_cycles: 0x29dc079b5d9, max_idle_ns: 440795223751 ns
[    0.622968] platform rtc_cmos: registered platform RTC device (no PNP device found)
[    0.624627] Scanning for low memory corruption every 60 seconds
[    0.626472] Initialise system trusted keyrings
[    0.627439] Key type blacklist registered
[    0.628374] workingset: timestamp_bits=36 max_order=18 bucket_order=0
[    0.630676] zbud: loaded
[    0.631766] squashfs: version 4.0 (2009/01/31) Phillip Lougher
[    0.633211] fuse init (API version 7.26)
[    0.636652] Key type asymmetric registered
[    0.637497] Asymmetric key parser 'x509' registered
[    0.638427] Block layer SCSI generic (bsg) driver version 0.4 loaded (major 246)
[    0.639872] io scheduler noop registered
[    0.640687] io scheduler deadline registered
[    0.641533] io scheduler cfq registered (default)
[    0.642732] ACPI: AC Adapter [AC] (on-line)
[    0.643571] input: Power Button as /devices/LNXSYSTM:00/LNXPWRBN:00/input/input0
[    0.645056] ACPI: Power Button [PWRF]
[    0.645830] input: Sleep Button as /devices/LNXSYSTM:00/LNXSLPBN:00/input/input1
[    0.647244] ACPI: Sleep Button [SLPF]
[    0.649085] ACPI: Battery Slot [BAT0] (battery present)
[    0.650068] Serial: 8250/16550 driver, 32 ports, IRQ sharing enabled
[    0.672100] 00:02: ttyS0 at I/O 0x3f8 (irq = 4, base_baud = 115200) is a 16550A
[    0.677831] Linux agpgart interface v0.103
[    0.680065] loop: module loaded
[    0.681214] scsi host0: ata_piix
[    0.682002] scsi host1: ata_piix
[    0.682695] ata1: PATA max UDMA/33 cmd 0x1f0 ctl 0x3f6 bmdma 0xd000 irq 14
[    0.683921] ata2: PATA max UDMA/33 cmd 0x170 ctl 0x376 bmdma 0xd008 irq 15
[    0.685802] libphy: Fixed MDIO Bus: probed
[    0.686612] tun: Universal TUN/TAP device driver, 1.6
[    0.687598] PPP generic driver version 2.4.2
[    0.688549] ehci_hcd: USB 2.0 'Enhanced' Host Controller (EHCI) Driver
[    0.689769] ehci-pci: EHCI PCI platform driver
[    0.690635] ehci-platform: EHCI generic platform driver
[    0.691603] ohci_hcd: USB 1.1 'Open' Host Controller (OHCI) Driver
[    0.692773] ohci-pci: OHCI PCI platform driver
[    0.693633] ohci-platform: OHCI generic platform driver
[    0.694603] uhci_hcd: USB Universal Host Controller Interface driver
[    0.695798] i8042: PNP: PS/2 Controller [PNP0303:PS2K,PNP0f03:PS2M] at 0x60,0x64 irq 1,12
[    0.697838] serio: i8042 KBD port at 0x60,0x64 irq 1
[    0.698815] serio: i8042 AUX port at 0x60,0x64 irq 12
[    0.699894] mousedev: PS/2 mouse device common for all mice
[    0.701520] input: AT Translated Set 2 keyboard as /devices/platform/i8042/serio0/input/input2
[    0.703279] rtc_cmos rtc_cmos: rtc core: registered rtc_cmos as rtc0
[    0.704522] rtc_cmos rtc_cmos: alarms up to one day, 114 bytes nvram
[    0.705660] i2c /dev entries driver
[    0.706411] device-mapper: uevent: version 1.0.3
[    0.707348] device-mapper: ioctl: 4.37.0-ioctl (2017-09-20) initialised: dm-devel@redhat.com
[    0.709006] ledtrig-cpu: registered to indicate activity on CPUs
[    0.711540] NET: Registered protocol family 10
[    0.715499] Segment Routing with IPv6
[    0.716243] NET: Registered protocol family 17
[    0.717222] Key type dns_resolver registered
[    0.718226] mce: Using 0 MCE banks
[    0.718913] RAS: Correctable Errors collector initialized.
[    0.719911] sched_clock: Marking stable (718198030, 0)->(1532674750, -814476720)
[    0.721732] registered taskstats version 1
[    0.722537] Loading compiled-in X.509 certificates
[    0.725368] Loaded X.509 cert 'Build time autogenerated kernel key: 62d24f9c726e026b112735485dad6e6e4b50c923'
[    0.727171] zswap: loaded using pool lzo/zbud
[    0.730775] Key type big_key registered
[    0.731528] Key type trusted registered
[    0.733618] Key type encrypted registered
[    0.734391] AppArmor: AppArmor sha1 policy hashing enabled
[    0.735436] ima: No TPM chip found, activating TPM-bypass! (rc=-19)
[    0.736618] ima: Allocated hash algorithm: sha1
[    0.737479] evm: HMAC attrs: 0x1
[    0.738352]   Magic number: 4:550:633
[    0.739164] rtc_cmos rtc_cmos: setting system clock to 2020-01-23 12:37:41 UTC (1579783061)
[    0.740879] BIOS EDD facility v0.16 2004-Jun-25, 0 devices found
[    0.741976] EDD information not available.
[    0.849290] Freeing unused kernel image memory: 2428K
[    0.860440] Write protecting the kernel read-only data: 20480k
[    0.864315] Freeing unused kernel image memory: 2008K
[    0.867296] Freeing unused kernel image memory: 1884K
[    0.891405] x86/mm: Checked W+X mappings: passed, no W+X pages found.
[    0.896105] x86/mm: Checking user space page tables
[    0.911716] x86/mm: Checked W+X mappings: passed, no W+X pages found.
Loading, please wait...
starting version 237
[    0.978943] e1000: Intel(R) PRO/1000 Network Driver - version 7.3.21-k8-NAPI
[    0.981164] e1000: Copyright (c) 1999-2006 Intel Corporation.
[    0.983677] Fusion MPT base driver 3.04.20
[    0.984995] Copyright (c) 1999-2008 LSI Corporation
[    0.995356] Fusion MPT SPI Host driver 3.04.20
[    0.996882] AVX2 version of gcm_enc/dec engaged.
[    0.997811] AES CTR mode by8 optimization enabled
[    1.210875] input: ImExPS/2 Generic Explorer Mouse as /devices/platform/i8042/serio1/input/input4
[    1.664822] e1000 0000:00:03.0 eth0: (PCI:33MHz:32-bit) 02:22:e7:1f:39:14
[    1.667772] e1000 0000:00:03.0 eth0: Intel(R) PRO/1000 Network Connection
[    1.673427] e1000 0000:00:03.0 enp0s3: renamed from eth0
[    1.676073] mptbase: ioc0: Initiating bringup
[    1.780611] ioc0: LSI53C1030 A0: Capabilities={Initiator}
[    2.030360] scsi host2: ioc0: LSI53C1030 A0, FwRev=00000000h, Ports=1, MaxQ=256, IRQ=20
[    2.201770] scsi 2:0:0:0: Direct-Access     VBOX     HARDDISK         1.0  PQ: 0 ANSI: 5
[    2.589844] scsi target2:0:0: Beginning Domain Validation
[    2.596620] scsi target2:0:0: Domain Validation skipping write tests
[    2.599345] scsi target2:0:0: Ending Domain Validation
[    2.601897] scsi target2:0:0: asynchronous
[    2.605226] scsi 2:0:1:0: Direct-Access     VBOX     HARDDISK         1.0  PQ: 0 ANSI: 5
[    2.683952] scsi target2:0:1: Beginning Domain Validation
[    2.690110] random: fast init done
[    2.692499] scsi target2:0:1: Domain Validation skipping write tests
[    2.695193] scsi target2:0:1: Ending Domain Validation
[    2.698099] scsi target2:0:1: asynchronous
[    2.710511] random: systemd-udevd: uninitialized urandom read (16 bytes read)
[    2.713613] random: systemd-udevd: uninitialized urandom read (16 bytes read)
[    2.717009] random: systemd-udevd: uninitialized urandom read (16 bytes read)
[    2.720713] sd 2:0:0:0: Attached scsi generic sg0 type 0
[    2.723801] sd 2:0:0:0: [sda] 20971520 512-byte logical blocks: (10.7 GB/10.0 GiB)
[    2.727347] sd 2:0:1:0: Attached scsi generic sg1 type 0
[    2.727349] sd 2:0:0:0: [sda] Write Protect is off
[    2.730481] sd 2:0:1:0: [sdb] 20480 512-byte logical blocks: (10.5 MB/10.0 MiB)
[    2.732093] sd 2:0:0:0: [sda] Incomplete mode parameter data
[    2.733416] sd 2:0:0:0: [sda] Assuming drive cache: write through
[    2.734627] sd 2:0:1:0: [sdb] Write Protect is off
[    2.735995] sd 2:0:1:0: [sdb] Incomplete mode parameter data
[    2.737185] sd 2:0:1:0: [sdb] Assuming drive cache: write through
[    3.429196]  sda: sda1
[    3.433908] sd 2:0:0:0: [sda] Attached SCSI disk
[    3.489897] sd 2:0:1:0: [sdb] Attached SCSI disk
B raid6: sse2x1   gen() 11704 MB/s
ssential drivers ... [    6.000424] raid6: sse2x1   xor()  6022 MB/s
[    6.048243] raid6: sse2x2   gen() 14424 MB/s
[    6.096071] raid6: sse2x2   xor()  9947 MB/s
[    6.144873] raid6: sse2x4   gen() 17175 MB/s
[    6.192693] raid6: sse2x4   xor() 10100 MB/s
[    6.240510] raid6: avx2x1   gen() 23896 MB/s
[    6.288338] raid6: avx2x1   xor() 16258 MB/s
[    6.336170] raid6: avx2x2   gen() 29370 MB/s
[    6.386922] raid6: avx2x2   xor() 17995 MB/s
[    6.432788] raid6: avx2x4   gen() 32141 MB/s
[    6.480603] raid6: avx2x4   xor() 20358 MB/s
[    6.481469] raid6: using algorithm avx2x4 gen() 32141 MB/s
[    6.482577] raid6: .... xor() 20358 MB/s, rmw enabled
[    6.483586] raid6: using avx2x2 recovery algorithm
[    6.485677] xor: automatically using best checksumming function   avx       
[    6.488339] async_tx: api initialized (async)
done.
Begin: Running /scripts/init-premount ... done.
Begin: Mounting root file system ... Begin: Running /scripts/local-top ... done.
Begin: Running /scripts/local-premount ... [    6.531323] Btrfs loaded, crc32c=crc32c-intel
Scanning for Btrfs filesystems
done.
Warning: fsck not present, so skipping root file system
[    6.726602] EXT4-fs (sda1): mounted filesystem with ordered data mode. Opts: (null)
done.
Begin: Running /scripts/local-bottom ... done.
Begin: Running /scripts/init-bottom ... done.
[    8.649385] ip_tables: (C) 2000-2006 Netfilter Core Team
[    8.783227] systemd[1]: systemd 237 running in system mode. (+PAM +AUDIT +SELINUX +IMA +APPARMOR +SMACK +SYSVINIT +UTMP +LIBCRYPTSETUP +GCRYPT +GNUTLS +ACL +XZ +LZ4 +SECCOMP +BLKID +ELFUTILS +KMOD -IDN2 +IDN -PCRE2 default-hierarchy=hybrid)
[    8.797613] systemd[1]: Detected virtualization oracle.
[    8.800968] systemd[1]: Detected architecture x86-64.

Welcome to [1mUbuntu 18.04.3 LTS[0m!

[    8.817619] systemd[1]: Set hostname to <ubuntu>.
[    8.910863] systemd[1]: Initializing machine ID from random generator.
[    8.912887] systemd[1]: Installed transient /etc/machine-id file.
[    9.080589] random: crng init done
[    9.083755] random: 7 urandom warning(s) missed due to ratelimiting
[   11.468009] systemd[1]: Created slice User and Session Slice.
[[0;32m  OK  [0m] Created slice User and Session Slice.
[   11.470017] systemd[1]: Reached target Swap.
[[0;32m  OK  [0m] Reached target Swap.
[   11.471705] systemd[1]: Reached target User and Group Name Lookups.
[[0;32m  OK  [0m] Reached target User and Group Name Lookups.
[   11.475293] systemd[1]: Started Forward Password Requests to Wall Directory Watch.
[[0;32m  OK  [0m] Started Forward Password Requests to Wall Directory Watch.
[[0;32m  OK  [0m] Created slice System Slice.
[[0;32m  OK  [0m] Listening on LVM2 metadata daemon socket.
[[0;32m  OK  [0m] Listening on Journal Socket (/dev/log).
[[0;32m  OK  [0m] Created slice system-serial\x2dgetty.slice.
[[0;32m  OK  [0m] Listening on Journal Socket.
         Mounting Kernel Debug File System...
         Mounting Huge Pages File System...
         Starting Remount Root and Kernel File Systems...
         Starting Uncomplicated firewall...
[[0;32m  OK  [0m] Listening on udev Kernel Socket.
[[0;32m  OK  [0m] Set up automount Arbitrary Executab…rmats File System Automount Point.
[[0;32m  OK  [0m] Listening on /dev/initctl Compatibility Named Pipe.
         Starting Create list of required st…ce nodes for the current kernel...
[[0;32m  OK  [0m] Listening on Device-mapper event daemon FIFOs.
[[0;32m  OK  [0m] Listening on LVM2 poll daemon socket.
[[0;32m  OK  [0m] Listening on udev Control Socket.
         Starting udev Coldplug all Devices...
[[0;32m  OK  [0m] Listening on Syslog Socket.
[[0;32m  OK  [0m] Reached target Slices.
         Starting Monitoring of LVM2 mirrors…ng dmeventd or progress polling...
         Mounting POSIX Message Queue File System...
[[0;32m  OK  [0m] Listening on Network Service Netlink Socket.
[[0;32m  OK  [0m] Reached target System Time Synchronized.
[   11.817963] EXT4-fs (sda1): re-mounted. Opts: (null)
         Starting Set the console keyboard layout...
[[0;32m  OK  [0m] Listening on Journal Audit Socket.
         Starting Journal Service...
         Starting Load Kernel Modules...
[[0;32m  OK  [0m] Mounted Kernel Debug File System.
[[0;32m  OK  [0m] Mounted Huge Pages File System.
[[0;32m  OK  [0m] Started Remount Root and Kernel File Systems.
[[0;32m  OK  [0m] Started Uncomplicated firewall.
[[0;32m  OK  [0m] Started Create list of required sta…vice nodes for the current kernel.
[[0;32m  OK  [0m] Mounted POSIX Message Queue File System.
         Starting Create Static Device Nodes in /dev...
         Starting Load/Save Random Seed...
[[0;32m  OK  [0m] Started Journal Service.
[[0;32m  OK  [0m] Started udev Coldplug all Devices.
         Starting Flush Journal to Persistent Storage...
[   12.192609] Loading iSCSI transport class v2.0-870.
[   12.266921] systemd-journald[390]: Received request to flush runtime journal from PID 1
[[0;32m  OK  [0m] Started LVM2 metadata daemon.
[[0;32m  OK  [0m] Started Create Static Device Nodes in /dev.
         Starting udev Kernel Device Manager...
[[0;32m  OK  [0m] Started Load/Save Random Seed.
[   12.610490] iscsi: registered transport (tcp)
[[0;32m  OK  [0m] Started Set the console keyboard layout.
[[0;32m  OK  [0m] Started udev Kernel Device Manager.
[[0;32m  OK  [0m] Started Dispatch Password Requests to Console Directory Watch.
[[0;32m  OK  [0m] Reached target Local Encrypted Volumes.
[   12.757062] iscsi: registered transport (iser)
[[0;32m  OK  [0m] Started Load Kernel Modules.
         Mounting FUSE Control File System...
         Starting Apply Kernel Variables...
         Mounting Kernel Configuration File System...
[[0;32m  OK  [0m] Mounted FUSE Control File System.
[[0;32m  OK  [0m] Mounted Kernel Configuration File System.
[[0;32m  OK  [0m] Started Monitoring of LVM2 mirrors,…sing dmeventd or progress polling.
[[0;32m  OK  [0m] Reached target Local File Systems (Pre).
[[0;32m  OK  [0m] Reached target Local File Systems.
         Starting AppArmor initialization...
         Starting Set console font and keymap...
         Starting Tell Plymouth To Write Out Runtime Data...
         Starting Commit a transient machine-id on disk...
         Starting ebtables ruleset management...
[[0;32m  OK  [0m] Started Flush Journal to Persistent Storage.
         Starting Create Volatile Files and Directories...
[[0;32m  OK  [0m] Started Tell Plymouth To Write Out Runtime Data.
[[0;32m  OK  [0m] Started Set console font and keymap.
[[0;32m  OK  [0m] Started Commit a transient machine-id on disk.
[[0;32m  OK  [0m] Started Create Volatile Files and Directories.
         Starting Update UTMP about System Boot/Shutdown...
[[0;32m  OK  [0m] Started Apply Kernel Variables.
[[0;32m  OK  [0m] Started Update UTMP about System Boot/Shutdown.
[[0;32m  OK  [0m] Started ebtables ruleset management.
[[0;32m  OK  [0m] Found device /dev/ttyS0.
[[0;32m  OK  [0m] Listening on Load/Save RF Kill Switch Status /dev/rfkill Watch.
[[0;32m  OK  [0m] Started AppArmor initialization.
         Starting Initial cloud-init job (pre-networking)...
[   20.024433] cloud-init[539]: Cloud-init v. 19.3-41-gc4735dd3-0ubuntu1~18.04.1 running 'init-local' at Thu, 23 Jan 2020 12:37:59 +0000. Up 19.05 seconds.
[[0;32m  OK  [0m] Started Initial cloud-init job (pre-networking).
[[0;32m  OK  [0m] Reached target Network (Pre).
         Starting Network Service...
[[0;32m  OK  [0m] Started Network Service.
         Starting Wait for Network to be Configured...
         Starting Network Name Resolution...
[[0;32m  OK  [0m] Started Network Name Resolution.
[[0;32m  OK  [0m] Reached target Network.
[[0;32m  OK  [0m] Reached target Host and Network Name Lookups.
[[0;32m  OK  [0m] Started Wait for Network to be Configured.
         Starting Initial cloud-init job (metadata service crawler)...
[   23.170384] cloud-init[663]: Cloud-init v. 19.3-41-gc4735dd3-0ubuntu1~18.04.1 running 'init' at Thu, 23 Jan 2020 12:38:03 +0000. Up 22.27 seconds.
[   23.184667] cloud-init[663]: ci-info: ++++++++++++++++++++++++++++++++++++++Net device info++++++++++++++++++++++++++++++++++++++
[   23.186851] cloud-init[663]: ci-info: +--------+------+----------------------------+---------------+--------+-------------------+
[   23.188850] cloud-init[663]: ci-info: | Device |  Up  |          Address           |      Mask     | Scope  |     Hw-Address    |
[   23.190721] cloud-init[663]: ci-info: +--------+------+----------------------------+---------------+--------+-------------------+
[   23.192293] cloud-init[663]: ci-info: | enp0s3 | True |         10.0.2.15          | 255.255.255.0 | global | 02:22:e7:1f:39:14 |
[   23.194193] cloud-init[663]: ci-info: | enp0s3 | True | fe80::22:e7ff:fe1f:3914/64 |       .       |  link  | 02:22:e7:1f:39:14 |
[   23.196568] cloud-init[663]: ci-info: |   lo   | True |         127.0.0.1          |   255.0.0.0   |  host  |         .         |
[   23.198772] cloud-init[663]: ci-info: |   lo   | True |          ::1/128           |       .       |  host  |         .         |
[   23.201079] cloud-init[663]: ci-info: +--------+------+----------------------------+---------------+--------+-------------------+
[   23.204480] cloud-init[663]: ci-info: ++++++++++++++++++++++++++++Route IPv4 info+++++++++++++++++++++++++++++
[   23.206257] cloud-init[663]: ci-info: +-------+-------------+----------+-----------------+-----------+-------+
[   23.220401] cloud-init[663]: ci-info: | Route | Destination | Gateway  |     Genmask     | Interface | Flags |
[   23.222375] cloud-init[663]: ci-info: +-------+-------------+----------+-----------------+-----------+-------+
[   23.224264] cloud-init[663]: ci-info: |   0   |   0.0.0.0   | 10.0.2.2 |     0.0.0.0     |   enp0s3  |   UG  |
[   23.225944] cloud-init[663]: ci-info: |   1   |   10.0.2.0  | 0.0.0.0  |  255.255.255.0  |   enp0s3  |   U   |
[   23.227368] cloud-init[663]: ci-info: |   2   |   10.0.2.2  | 0.0.0.0  | 255.255.255.255 |   enp0s3  |   UH  |
[   23.229447] cloud-init[663]: ci-info: +-------+-------------+----------+-----------------+-----------+-------+
[   23.232015] cloud-init[663]: ci-info: +++++++++++++++++++Route IPv6 info+++++++++++++++++++
[   23.233265] cloud-init[663]: ci-info: +-------+-------------+---------+-----------+-------+
[   23.247086] cloud-init[663]: ci-info: | Route | Destination | Gateway | Interface | Flags |
[   23.260390] cloud-init[663]: ci-info: +-------+-------------+---------+-----------+-------+
[   23.261923] cloud-init[663]: ci-info: |   1   |  fe80::/64  |    ::   |   enp0s3  |   U   |
[   23.263137] cloud-init[663]: ci-info: |   3   |    local    |    ::   |   enp0s3  |   U   |
[   23.264378] cloud-init[663]: ci-info: |   4   |   ff00::/8  |    ::   |   enp0s3  |   U   |
[   23.265530] cloud-init[663]: ci-info: +-------+-------------+---------+-----------+-------+
[   26.466511] cloud-init[663]: Generating public/private rsa key pair.
[   26.476381] cloud-init[663]: Your identification has been saved in /etc/ssh/ssh_host_rsa_key.
[   26.478857] cloud-init[663]: Your public key has been saved in /etc/ssh/ssh_host_rsa_key.pub.
[   26.482117] cloud-init[663]: The key fingerprint is:
[   26.484208] cloud-init[663]: SHA256:ufbO5XzmuOKSm2yw194XTKgFLEHxw7QTYUWB39ff9Q8 root@ubuntu-bionic
[   26.486689] cloud-init[663]: The key's randomart image is:
[   26.488378] cloud-init[663]: +---[RSA 2048]----+
[   26.490154] cloud-init[663]: |       .++==+.   |
[   26.491769] cloud-init[663]: |        .=+o     |
[   26.493376] cloud-init[663]: |         .*o o  .|
[   26.504655] cloud-init[663]: |         . o+ o +|
[   26.516379] cloud-init[663]: |        S  o o .=|
[   26.517081] cloud-init[663]: |      .  ..   E +|
[   26.517863] cloud-init[663]: |       ooo  .  o.|
[   26.518556] cloud-init[663]: |      .o=+o= .+ .|
[   26.519270] cloud-init[663]: |       o+**.**.  |
[   26.519987] cloud-init[663]: +----[SHA256]-----+
[   26.520758] cloud-init[663]: Generating public/private dsa key pair.
[   26.521678] cloud-init[663]: Your identification has been saved in /etc/ssh/ssh_host_dsa_key.
[   26.533065] cloud-init[663]: Your public key has been saved in /etc/ssh/ssh_host_dsa_key.pub.
[[0;32m  OK  [0m] Started Initial cloud-init job (metadata service crawler).
[   26.556299] cloud-init[[0;32m  OK  [0m] Reached target Cloud-config availability.
[[0;32m  OK  [0m] Reached target Network is Online.
[663]: The key fingerprint is:
[   26.558828] cloud-init[663]: SHA256:UyZ3to3o0yWgqGlvH1PJ1MKqcU3+1ESOebNVzL4oJnE root@ubuntu-bionic
[   26.560329] cloud-init[663]: The key's randomart image is:
[   26.561281] cloud-init[663]: +---[DSA 1024]----+
[   26.562211] cloud-init[663]: |              .o.|
[   26.573028] cloud-init[663]: |         . . =  +|
[   26.574361] cloud-init[663]: |        . X * =..|
[   26.575556] cloud-init         Starting Availability of block devices...
[[0;32m  OK  [0m] Reached target Remote File Systems (Pre).
[[0;32m  OK  [0m] Reached target Remote File Systems.
[[0;32m  OK  [0m] Reached target System Initialization.
[[0;32m  OK  [0m] Listening on ACPID Listen Socket.
[[0;32m  OK  [0m] Started Discard unused blocks once a week.
[[0;32m  OK  [0m] Listening on Open-iSCSI iscsid Socket.
[663]: |       . # E B +.|
[   26.584184] cloud-init[663]: |      o S X = * .|
[   26.585243] cloud-init[663]: |     o + = * + . |
[   26.586235] cloud-init[663]: |    + . o = +    |
[   26.587199] cloud-init[663]: |   . ..  o .     |
[   26.587998] cloud-init[663]: |     ....        |
[[0;32m  OK  [0m] Started ACPI Events Check.
[[0;32m  OK  [0m] Started Daily Cleanup of Temporary Directories.
[[0;32m  OK  [0m] Listening on D-Bus System Message Bus Socket.
[[0;32m  OK  [0m] Reached target Paths.
[[0;32m  OK  [0m] Started Daily apt download activities.
[[0;32m  OK  [0m] Started Daily apt upgrade and clean activities.
[[0;32m  OK  [0m] Listening on UUID daemon activation socket.
[   26.610977] cloud-init[663]: +----[SHA256]-----+
[   26.630917] cloud-init[663]: Generating public/private ecdsa key pair.
[   26.632258] cloud-init[663]: Your identification has been saved in /etc/ssh/ssh_host_ecdsa_key.
[   26.634039] cloud-init[663]: Your public key has been saved in /etc/ssh/ssh_host_ecdsa_key.pub.
         Starting Socket activation for snappy daemon.
[[0;32m  OK  [0m] Started Message of the Day.
[[0;32m  OK  [0m] Reached target Timers.
[   26.638389] cloud-init[663]: The key fingerprint is:
[   26.642013] cloud-init[663]: SHA256:PTUnIQbxuVB3r/adFL0B75g0nGZazEMfrm3xyXoWN5A root@ubuntu-bionic
[   26.643430] cloud-init[663]: The key's randomart image is:
[   26.653041] cloud-init[663]: +---[ECDSA 256]---+
[   26.653947] cloud-init[663]: |        oo+ oo.. |
[   26.654692] cloud-init[663]: |         + +=oB.o|
[   26.655572] cloud-init[663]: |        . o +E.Bo|
[   26.656528] cloud-init[663]: |         o o*+@.B|
[   26.657403] cloud-init[663]: |        S +. +o@o|
[   26.669651] cloud-init[663]: |           . .+.*|
[   26.688206] cloud-init[663]: |             . +o|
         Starting LXD - unix socket.
[   26.707048] cloud-init[663]: |              o  |
[   26.709613] cloud-init[663]: |                 |
[   26.710691] cloud-init[663]: +----[SHA256]-----+
[   26.711751] cloud-init[663]: Generating public/private ed25519 key pair.
[[0;32m  OK  [0m] Started Availability of block devices.
[[0;32m  OK  [0m] Listening on Socket activation for snappy daemon.
[[0;32m  OK  [0m] Listening on LXD - unix socket.
[[0;32m  OK  [0m] Reached target Sockets.
[   26.715566] cloud-init[663]: Your identification has been saved in /etc/ssh/ssh_host_ed25519_key.
[   26.733108] cloud-init[663]: Your public key has been saved in /etc/ssh/ssh_host_ed25519_key.pub.
[   26.734985] cloud-init[663]: The key fingerprint is:
[   26.736055] cloud-init[663]: SHA256:msB/PjgrIzFBDU7Wn2Sd3PaG5oVTQHCLFWfvAhq9qH4 root@ubuntu-bionic
[[0;32m  OK  [0m] Reached target Basic System.
         Starting System Logging Service...
[   26.755361] cloud-init[663]: The key's randomart image is:
[   26.762710] cloud-init[663]: +--[ED25519 256]--+
[   26.763661] cloud-init[663]: |  ++   o.=*oo    |
         [   26.764560] cloud-init[663]: | +. o o +=o+..   |
[   26.764766] cloud-init[663]: | ..  + .o.+=  .  |
[   26.765381] cloud-init[663]: |  ..  o  +=o+.   |
[   26.765983] cloud-init[663]: |   .o   So.+. .  |
[   26.766602] cloud-init[663]: |  o  o +  .  .   |
[   26.767181] cloud-init[663]: |   o  =..        |
[   26.767740] Starting LXD - container startup/shutdown...
cloud-init[663]: |  . o.ooE        |
[   26.771632] cloud-init[663]: |   . oo+..       |
[   26.772311] cloud-init[663]: +----[SHA256]-----+
         Starting Accounts Service...
         Starting Login Service...
[[0;32m  OK  [0m] Started Regular background program processing daemon.
         Starting Virtualbox guest utils...
[[0;32m  OK  [0m] Started irqbalance daemon.
         Starting Permit User Sessions...
[[0;32m  OK  [0m] Started FUSE filesystem for LXC.
         Starting LSB: Record successful boot for GRUB...
         Starting Snappy daemon...
[[0;32m  OK  [0m] Started D-Bus System Message Bus.
[[0;32m  OK  [0m] Started Deferred execution scheduler.
         Starting Pollinate to seed the pseudo random number generator...
         Starting LSB: automatic crash report generation...
         Starting Dispatcher daemon for systemd-networkd...
[[0;32m  OK  [0m] Started System Logging Service.
[[0;32m  OK  [0m] Started Permit User Sessions.
[[0;32m  OK  [0m] Started Login Service.
         Starting Authorization Manager...
[[0;32m  OK  [0m] Started Unattended Upgrades Shutdown.
         Starting Terminate Plymouth Boot Screen...
         Starting Hold until boot process finishes up...
[[0;32m  OK  [0m] Started Terminate Plymouth Boot Screen.
[[0;32m  OK  [0m] Started Hold until boot process finishes up.
[[0;32m  OK  [0m] Started Serial Getty on ttyS0.
         Starting Set console scheme...
[[0;32m  OK  [0m] Started Set console scheme.
[[0;32m  OK  [0m] Created slice system-getty.slice.
[[0;32m  OK  [0m] Started Getty on tty1.
[[0;32m  OK  [0m] Reached target Login Prompts.
[[0;32m  OK  [0m] Started LSB: automatic crash report generation.
[[0;32m  OK  [0m] Started LSB: Record successful boot for GRUB.
[[0;32m  OK  [0m] Started Authorization Manager.
[[0;32m  OK  [0m] Started Accounts Service.
[[0;32m  OK  [0m] Started Virtualbox guest utils.
[[0;32m  OK  [0m] Started Dispatcher daemon for systemd-networkd.
[[0;32m  OK  [0m] Started LXD - container startup/shutdown.
[[0;32m  OK  [0m] Started Snappy daemon.
         Starting Wait until snapd is fully seeded...
[[0;32m  OK  [0m] Started Pollinate to seed the pseudo random number generator.
         Starting OpenBSD Secure Shell server...

Ubuntu 18.04.3 LTS ubuntu-bionic ttyS0

ubuntu-bionic login: [   43.579135] cloud-init[1352]: Cloud-init v. 19.3-41-gc4735dd3-0ubuntu1~18.04.1 running 'modules:config' at Thu, 23 Jan 2020 12:38:20 +0000. Up 39.84 seconds.
ci-info: no authorized ssh keys fingerprints found for user ubuntu.
<14>Jan 23 12:38:26 ec2: 
<14>Jan 23 12:38:26 ec2: #############################################################
<14>Jan 23 12:38:26 ec2: -----BEGIN SSH HOST KEY FINGERPRINTS-----
<14>Jan 23 12:38:26 ec2: 1024 SHA256:UyZ3to3o0yWgqGlvH1PJ1MKqcU3+1ESOebNVzL4oJnE root@ubuntu-bionic (DSA)
<14>Jan 23 12:38:26 ec2: 256 SHA256:PTUnIQbxuVB3r/adFL0B75g0nGZazEMfrm3xyXoWN5A root@ubuntu-bionic (ECDSA)
<14>Jan 23 12:38:26 ec2: 256 SHA256:msB/PjgrIzFBDU7Wn2Sd3PaG5oVTQHCLFWfvAhq9qH4 root@ubuntu-bionic (ED25519)
<14>Jan 23 12:38:26 ec2: 2048 SHA256:ufbO5XzmuOKSm2yw194XTKgFLEHxw7QTYUWB39ff9Q8 root@ubuntu-bionic (RSA)
<14>Jan 23 12:38:26 ec2: -----END SSH HOST KEY FINGERPRINTS-----
<14>Jan 23 12:38:26 ec2: #############################################################
-----BEGIN SSH HOST KEY KEYS-----
ecdsa-sha2-nistp256 AAAAE2VjZHNhLXNoYTItbmlzdHAyNTYAAAAIbmlzdHAyNTYAAABBBCLXpCMhK4DPqE2tCYcL89NOGfQgWe+sul/fEvztuqV23uqw2VT6rxZb+pWr77B8xIwc0KkKIQ32WhcFfQpm9bY= root@ubuntu-bionic
ssh-ed25519 AAAAC3NzaC1lZDI1NTE5AAAAINybbXc4DjfmIe3FSO75H6YLEl8ll32QZJeVpCAq4Kyp root@ubuntu-bionic
ssh-rsa AAAAB3NzaC1yc2EAAAADAQABAAABAQC7vF0CrrfZaTJfGYVc93ewuQfO7thM7QJtAPh6Tr16nCKChKw7Q+vHS6uS66a+nzPdUqCn2plIuoradQY4782eCWk8G7ieOWG7zc6d/6rN/s8Erlcd3DJhDbd2ptY2xLTi2+NwrBR62vTDNSQkqjMER4SCl9bFPWOdzegfxx1RJrW7TA6rZ7xsHLozSEQypye6Gkzt06hmB4CK69TjLNKFihxYoivug3EJiQl3vxKTLW4Dw3Fs9LmSz/vAx6Qk0tvwWhe7ROnSHEik/rzIg4gS3yBC+gqykAHe8XWHIEnbUmyLZkl+t2fAQEeYWik8jtoBaBpi1EXYy9oKuOzeGbdr root@ubuntu-bionic
-----END SSH HOST KEY KEYS-----
[   45.983470] cloud-init[1503]: Cloud-init v. 19.3-41-gc4735dd3-0ubuntu1~18.04.1 running 'modules:final' at Thu, 23 Jan 2020 12:38:25 +0000. Up 45.05 seconds.
[   45.988084] cloud-init[1503]: ci-info: no authorized ssh keys fingerprints found for user ubuntu.
[   45.992107] cloud-init[1503]: Cloud-init v. 19.3-41-gc4735dd3-0ubuntu1~18.04.1 finished at Thu, 23 Jan 2020 12:38:26 +0000. Datasource DataSourceNoCloud [seed=/dev/sdb][dsmode=net].  Up 45.95 seconds
[[0;32m  OK  [0m] Stopped target Cloud-init target.
[[0;32m  OK  [0m] Closed Load/Save RF Kill Switch Status /dev/rfkill Watch.
[[0;32m  OK  [0m] Stopped target Host and Network Name Lookups.
         Stopping Session 5 of user vagrant.
         Stopping Availability of block devices...
         Stopping User Manager for UID 1000...
         Stopping Authorization Manager...
[[0;32m  OK  [0m] Stopped Execute cloud user/final scripts.
[[0;32m  OK  [0m] Stopped Apply the settings specified in cloud-config.
         Stopping Session 7 of user vagrant.
[[0;32m  OK  [0m] Stopped target Cloud-config availability.
[[0;32m  OK  [0m] Stopped target Timers.
[[0;32m  OK  [0m] Stopped Message of the Day.
[[0;32m  OK  [0m] Stopped Daily apt upgrade and clean activities.
[[0;32m  OK  [0m] Stopped Daily Cleanup of Temporary Directories.
[[0;32m  OK  [0m] Stopped Discard unused blocks once a week.
[[0;32m  OK  [0m] Stopped Daily apt download activities.
[[0;32m  OK  [0m] Stopped target System Time Synchronized.
[[0;32m  OK  [0m] Stopped target Graphical Interface.
[[0;32m  OK  [0m] Stopped target Multi-User System.
         Stopping Docker Application Container Engine...
         Stopping System Logging Service...
         Stopping Ubuntu FAN network setup...
         Stopping OpenBSD Secure Shell server...
         Stopping Unattended Upgrades Shutdown...
         Stopping irqbalance daemon...
[[0;32m  OK  [0m] Stopped target Login Prompts.
         Stopping Getty on tty1...
         Stopping Dispatcher daemon for systemd-networkd...
         Stopping Regular background program processing daemon...
         Stopping LSB: automatic crash report generation...
         Stopping FUSE filesystem for LXC...
[[0;32m  OK  [0m] Stopped Wait until snapd is fully seeded.
         Stopping Deferred execution scheduler...
         Stopping Accounts Service...
         Stopping Virtualbox guest utils...
         Stopping D-Bus System Message Bus...
         Stopping LXD - container startup/shutdown...
         Stopping Serial Getty on ttyS0...
         Stopping LSB: Record successful boot for GRUB...
[[0;32m  OK  [0m] Unmounted /var/lib/lxcfs.
[[0;32m  OK  [0m] Stopped Accounts Service.
[[0;32m  OK  [0m] Stopped Regular background program processing daemon.
[[0;32m  OK  [0m] Stopped irqbalance daemon.
[[0;32m  OK  [0m] Stopped Deferred execution scheduler.
[[0;32m  OK  [0m] Stopped Dispatcher daemon for systemd-networkd.
[[0;32m  OK  [0m] Stopped Authorization Manager.
[[0;32m  OK  [0m] Stopped Unattended Upgrades Shutdown.
[[0;32m  OK  [0m] Stopped Serial Getty on ttyS0.
[[0;32m  OK  [0m] Stopped System Logging Service.
[[0;32m  OK  [0m] Stopped Getty on tty1.
[[0;32m  OK  [0m] Stopped OpenBSD Secure Shell server.
[[0;32m  OK  [0m] Stopped User Manager for UID 1000.
[[0;32m  OK  [0m] Stopped D-Bus System Message Bus.
[[0;32m  OK  [0m] Stopped FUSE filesystem for LXC.
[[0;32m  OK  [0m] Stopped Session 5 of user vagrant.
[[0;32m  OK  [0m] Stopped Session 7 of user vagrant.
[[0;32m  OK  [0m] Removed slice User Slice of vagrant.
[[0;32m  OK  [0m] Removed slice system-getty.slice.
[[0;32m  OK  [0m] Removed slice system-serial\x2dgetty.slice.
         Stopping Permit User Sessions...
         Stopping Login Service...
[[0;32m  OK  [0m] Stopped LXD - container startup/shutdown.
[[0;32m  OK  [0m] Stopped Login Service.
[[0;32m  OK  [0m] Stopped Availability of block devices.
[[0;32m  OK  [0m] Stopped Permit User Sessions.
[[0;32m  OK  [0m] Stopped target User and Group Name Lookups.
[[0;32m  OK  [0m] Stopped Ubuntu FAN network setup.
[[0;32m  OK  [0m] Stopped LSB: Record successful boot for GRUB.
[[0;32m  OK  [0m] Stopped LSB: automatic crash report generation.
[[0;32m  OK  [0m] Stopped target Remote File Systems.
[[0;32m  OK  [0m] Stopped target Remote File Systems (Pre).
[[0;32m  OK  [0m] Stopped Virtualbox guest utils.
[[0;32m  OK  [0m] Unmounted /run/docker/netns/858dea82787e.
[[0;32m  OK  [0m] Unmounted /var/lib/docker/container…6b1b465561aed0b71b2809/mounts/shm.
[[0;32m  OK  [0m] Unmounted /var/lib/docker/overlay2/…5a601cfed7b43667b282d04900/merged.
[[0;32m  OK  [0m] Unmounted /run/docker/netns/67e6a1620a8e.
[[0;32m  OK  [0m] Unmounted /var/lib/docker/container…3042bb1eeb200cadbf30b3/mounts/shm.
[[0;32m  OK  [0m] Unmounted /var/lib/docker/overlay2/…ba79013cb5c4b211fe68f931e5/merged.
[[0;32m  OK  [0m] Stopped Docker Application Container Engine.
[[0;32m  OK  [0m] Stopped target Network is Online.
         Stopping containerd container runtime...
[[0;32m  OK  [0m] Stopped containerd container runtime.
[[0;32m  OK  [0m] Stopped target Basic System.
[[0;32m  OK  [0m] Stopped target Slices.
[[0;32m  OK  [0m] Removed slice User and Session Slice.
[[0;32m  OK  [0m] Stopped target Paths.
[[0;32m  OK  [0m] Stopped ACPI Events Check.
[[0;32m  OK  [0m] Stopped target Sockets.
[[0;32m  OK  [0m] Closed Socket activation for snappy daemon.
[[0;32m  OK  [0m] Closed Docker Socket for the API.
[[0;32m  OK  [0m] Closed ACPID Listen Socket.
[[0;32m  OK  [0m] Closed LXD - unix socket.
[[0;32m  OK  [0m] Closed UUID daemon activation socket.
[[0;32m  OK  [0m] Closed Syslog Socket.
[[0;32m  OK  [0m] Closed Open-iSCSI iscsid Socket.
[[0;32m  OK  [0m] Closed D-Bus System Message Bus Socket.
[[0;32m  OK  [0m] Stopped target System Initialization.
[[0;32m  OK  [0m] Stopped target Local Encrypted Volumes.
[[0;32m  OK  [0m] Stopped Dispatch Password Requests to Console Directory Watch.
[[0;32m  OK  [0m] Stopped Forward Password Requests to Wall Directory Watch.
         Stopping Load/Save Random Seed...
         Stopping Update UTMP about System Boot/Shutdown...
[[0;32m  OK  [0m] Stopped Initial cloud-init job (metadata service crawler).
[[0;32m  OK  [0m] Stopped Wait for Network to be Configured.
[[0;32m  OK  [0m] Stopped Commit a transient machine-id on disk.
[[0;32m  OK  [0m] Stopped target Network.
         Stopping Network Name Resolution...
[[0;32m  OK  [0m] Stopped Network Name Resolution.
         Stopping Network Service...
[[0;32m  OK  [0m] Stopped Update UTMP about System Boot/Shutdown.
[[0;32m  OK  [0m] Stopped Create Volatile Files and Directories.
[[0;32m  OK  [0m] Stopped target Local File Systems.
         Unmounting /run/user/1000...
         Unmounting /vagrant...
[[0;32m  OK  [0m] Stopped Network Service.
[[0;32m  OK  [0m] Stopped Apply Kernel Variables.
[[0;32m  OK  [0m] Stopped Load Kernel Modules.
[[0;32m  OK  [0m] Stopped target Network (Pre).
[[0;32m  OK  [0m] Stopped Initial cloud-init job (pre-networking).
[[0;32m  OK  [0m] Unmounted /run/user/1000.
[[0;32m  OK  [0m] Unmounted /vagrant.
[[0;32m  OK  [0m] Reached target Unmount All Filesystems.
[[0;32m  OK  [0m] Stopped target Local File Systems (Pre).
         Stopping Monitoring of LVM2 mirrors…ng dmeventd or progress polling...
[[0;32m  OK  [0m] Stopped Create Static Device Nodes in /dev.
[[0;32m  OK  [0m] Stopped target Swap.
[[0;32m  OK  [0m] Stopped Load/Save Random Seed.
[[0;32m  OK  [0m] Stopped Remount Root and Kernel File Systems.
[[0;32m  OK  [0m] Reached target Shutdown.
[[0;32m  OK  [0m] Reached target Final Step.
         Starting Power-Off...
[ 1277.608589] reboot: Power down
